<?xml version="1.0" encoding="UTF-8"?>
<!-- Generated by org.testng.reporters.JUnitReportReporter -->
<testsuite skipped="0" hostname="DESKTOP-0F8J9IN" name="testCases.TC_OWA_001" tests="2" failures="0" timestamp="2021-02-22T13:55:46 EST" time="18.648" errors="0">
  <testcase name="TestLogin" time="6.749" classname="testCases.TC_OWA_001"/>
  <system-out/>
  <testcase name="TestLogin" time="11.899" classname="testCases.TC_OWA_001"/>
  <system-out/>
</testsuite> <!-- testCases.TC_OWA_001 -->
