<?xml version="1.0" encoding="UTF-8"?>
<!-- Generated by org.testng.reporters.JUnitReportReporter -->
<testsuite skipped="0" hostname="DESKTOP-0F8J9IN" name="testCases.TC_OWA_001" tests="2" failures="0" timestamp="2021-02-19T17:10:42 EST" time="14.750" errors="0">
  <testcase name="TestLogin" time="9.334" classname="testCases.TC_OWA_001"/>
  <system-out/>
  <testcase name="TestLogin" time="5.416" classname="testCases.TC_OWA_001"/>
  <system-out/>
</testsuite> <!-- testCases.TC_OWA_001 -->
